  Main.cpp
D:\Git\LAB5\Main.cpp(1,10): warning C4067: непредвиденные лексемы за директивой препроцессора, требуется newline
D:\Git\LAB5\Main.cpp(2,10): warning C4067: непредвиденные лексемы за директивой препроцессора, требуется newline
D:\Git\LAB5\Main.cpp(3,10): warning C4067: непредвиденные лексемы за директивой препроцессора, требуется newline
D:\Git\LAB5\Main.cpp(4,10): warning C4067: непредвиденные лексемы за директивой препроцессора, требуется newline
D:\Git\LAB5\Module.h(4,10): warning C4067: непредвиденные лексемы за директивой препроцессора, требуется newline
D:\Git\LAB5\Module.h(5,10): warning C4067: непредвиденные лексемы за директивой препроцессора, требуется newline
D:\Git\LAB5\Module.h(6,10): warning C4067: непредвиденные лексемы за директивой препроцессора, требуется newline
D:\Git\LAB5\Main.cpp(8,1): warning C4326: возвращаемый тип "main" должен быть "int", а не "void"
  Module.cpp
D:\Git\LAB5\Module.cpp(1,10): warning C4067: непредвиденные лексемы за директивой препроцессора, требуется newline
D:\Git\LAB5\Module.h(4,10): warning C4067: непредвиденные лексемы за директивой препроцессора, требуется newline
D:\Git\LAB5\Module.h(5,10): warning C4067: непредвиденные лексемы за директивой препроцессора, требуется newline
D:\Git\LAB5\Module.h(6,10): warning C4067: непредвиденные лексемы за директивой препроцессора, требуется newline
D:\Git\LAB5\Module.cpp(2,10): warning C4067: непредвиденные лексемы за директивой препроцессора, требуется newline
D:\Git\LAB5\Module.cpp(3,10): warning C4067: непредвиденные лексемы за директивой препроцессора, требуется newline
D:\Git\LAB5\Module.cpp(63,17): warning C4244: инициализация: преобразование "double" в "float", возможна потеря данных
D:\Git\LAB5\Module.cpp(86,17): warning C4244: инициализация: преобразование "double" в "float", возможна потеря данных
  Создание кода...
  LAB5.vcxproj -> D:\Git\LAB5\x64\Debug\LAB5.exe
